<?xml version="1.0" encoding="UTF-8"?>
<testsuite xmlns:xsi="http://www.w3.org/2001/XMLSchema-instance" xsi:noNamespaceSchemaLocation="https://maven.apache.org/surefire/maven-surefire-plugin/xsd/surefire-test-report.xsd" name="org.apache.nifi.processors.bpenelli.GoldenGateToSQLTest" time="0.001" tests="1" errors="0" skipped="0" failures="0">
  <properties>
    <property name="sun.desktop" value="windows"/>
    <property name="awt.toolkit" value="sun.awt.windows.WToolkit"/>
    <property name="file.encoding.pkg" value="sun.io"/>
    <property name="java.specification.version" value="1.8"/>
    <property name="sun.cpu.isalist" value="amd64"/>
    <property name="sun.jnu.encoding" value="Cp1252"/>
    <property name="java.class.path" value="C:\Users\bpenelli\Code\github\nifi-bpenelli-bundle-1.8.0\nifi-bpenelli-processors\target\test-classes;C:\Users\bpenelli\Code\github\nifi-bpenelli-bundle-1.8.0\nifi-bpenelli-processors\target\classes;C:\Users\bpenelli\.m2\repository\commons-lang\commons-lang\2.6\commons-lang-2.6.jar;C:\Users\bpenelli\.m2\repository\org\apache\nifi\nifi-api\1.8.0\nifi-api-1.8.0.jar;C:\Users\bpenelli\.m2\repository\org\apache\nifi\nifi-utils\1.8.0\nifi-utils-1.8.0.jar;C:\Users\bpenelli\.m2\repository\org\apache\nifi\nifi-mock\1.8.0\nifi-mock-1.8.0.jar;C:\Users\bpenelli\.m2\repository\org\apache\nifi\nifi-framework-api\1.8.0\nifi-framework-api-1.8.0.jar;C:\Users\bpenelli\.m2\repository\org\apache\nifi\nifi-expression-language\1.8.0\nifi-expression-language-1.8.0.jar;C:\Users\bpenelli\.m2\repository\org\antlr\antlr-runtime\3.5.2\antlr-runtime-3.5.2.jar;C:\Users\bpenelli\.m2\repository\com\jayway\jsonpath\json-path\2.4.0\json-path-2.4.0.jar;C:\Users\bpenelli\.m2\repository\org\apache\nifi\nifi-data-provenance-utils\1.8.0\nifi-data-provenance-utils-1.8.0.jar;C:\Users\bpenelli\.m2\repository\org\apache\nifi\nifi-security-utils\1.8.0\nifi-security-utils-1.8.0.jar;C:\Users\bpenelli\.m2\repository\org\bouncycastle\bcpkix-jdk15on\1.60\bcpkix-jdk15on-1.60.jar;C:\Users\bpenelli\.m2\repository\de\svenkubiak\jBCrypt\0.4.1\jBCrypt-0.4.1.jar;C:\Users\bpenelli\.m2\repository\org\bouncycastle\bcprov-jdk15on\1.60\bcprov-jdk15on-1.60.jar;C:\Users\bpenelli\.m2\repository\org\apache\nifi\nifi-properties-loader\1.8.0\nifi-properties-loader-1.8.0.jar;C:\Users\bpenelli\.m2\repository\ch\qos\logback\logback-classic\1.2.3\logback-classic-1.2.3.jar;C:\Users\bpenelli\.m2\repository\ch\qos\logback\logback-core\1.2.3\logback-core-1.2.3.jar;C:\Users\bpenelli\.m2\repository\org\apache\nifi\nifi-properties\1.8.0\nifi-properties-1.8.0.jar;C:\Users\bpenelli\.m2\repository\org\apache\hbase\hbase-common\2.1.2\hbase-common-2.1.2.jar;C:\Users\bpenelli\.m2\repository\org\apache\hbase\thirdparty\hbase-shaded-miscellaneous\2.1.0\hbase-shaded-miscellaneous-2.1.0.jar;C:\Users\bpenelli\.m2\repository\org\slf4j\slf4j-api\1.7.25\slf4j-api-1.7.25.jar;C:\Users\bpenelli\.m2\repository\commons-codec\commons-codec\1.10\commons-codec-1.10.jar;C:\Users\bpenelli\.m2\repository\org\apache\commons\commons-lang3\3.6\commons-lang3-3.6.jar;C:\Users\bpenelli\.m2\repository\commons-io\commons-io\2.5\commons-io-2.5.jar;C:\Users\bpenelli\.m2\repository\com\google\protobuf\protobuf-java\2.5.0\protobuf-java-2.5.0.jar;C:\Users\bpenelli\.m2\repository\org\apache\htrace\htrace-core4\4.2.0-incubating\htrace-core4-4.2.0-incubating.jar;C:\Users\bpenelli\.m2\repository\org\apache\commons\commons-crypto\1.0.0\commons-crypto-1.0.0.jar;C:\Users\bpenelli\.m2\repository\com\github\stephenc\findbugs\findbugs-annotations\1.3.9-1\findbugs-annotations-1.3.9-1.jar;C:\Users\bpenelli\.m2\repository\com\fasterxml\jackson\core\jackson-databind\2.9.2\jackson-databind-2.9.2.jar;C:\Users\bpenelli\.m2\repository\com\fasterxml\jackson\core\jackson-annotations\2.9.0\jackson-annotations-2.9.0.jar;C:\Users\bpenelli\.m2\repository\com\fasterxml\jackson\core\jackson-core\2.9.2\jackson-core-2.9.2.jar;C:\Users\bpenelli\.m2\repository\log4j\log4j\1.2.17\log4j-1.2.17.jar;C:\Users\bpenelli\.m2\repository\org\apache\yetus\audience-annotations\0.5.0\audience-annotations-0.5.0.jar;C:\Users\bpenelli\.m2\repository\org\apache\nifi\nifi-dbcp-service-api\1.8.0\nifi-dbcp-service-api-1.8.0.jar;C:\Users\bpenelli\.m2\repository\org\apache\nifi\nifi-distributed-cache-client-service-api\1.8.0\nifi-distributed-cache-client-service-api-1.8.0.jar;C:\Users\bpenelli\.m2\repository\org\apache\nifi\nifi-distributed-cache-client-service\1.8.0\nifi-distributed-cache-client-service-1.8.0.jar;C:\Users\bpenelli\.m2\repository\org\apache\nifi\nifi-distributed-cache-protocol\1.8.0\nifi-distributed-cache-protocol-1.8.0.jar;C:\Users\bpenelli\.m2\repository\org\apache\nifi\nifi-processor-utils\1.8.0\nifi-processor-utils-1.8.0.jar;C:\Users\bpenelli\.m2\repository\org\apache\nifi\nifi-hbase-client-service-api\1.8.0\nifi-hbase-client-service-api-1.8.0.jar;C:\Users\bpenelli\.m2\repository\org\apache\nifi\nifi-hadoop-utils\1.8.0\nifi-hadoop-utils-1.8.0.jar;C:\Users\bpenelli\.m2\repository\org\apache\hadoop\hadoop-common\3.2.0\hadoop-common-3.2.0.jar;C:\Users\bpenelli\.m2\repository\org\apache\hadoop\hadoop-annotations\3.2.0\hadoop-annotations-3.2.0.jar;C:\Program Files\Java\jdk1.8.0_191\jre\..\lib\tools.jar;C:\Users\bpenelli\.m2\repository\com\google\guava\guava\11.0.2\guava-11.0.2.jar;C:\Users\bpenelli\.m2\repository\commons-cli\commons-cli\1.2\commons-cli-1.2.jar;C:\Users\bpenelli\.m2\repository\org\apache\commons\commons-math3\3.1.1\commons-math3-3.1.1.jar;C:\Users\bpenelli\.m2\repository\org\apache\httpcomponents\httpclient\4.5.2\httpclient-4.5.2.jar;C:\Users\bpenelli\.m2\repository\org\apache\httpcomponents\httpcore\4.4.4\httpcore-4.4.4.jar;C:\Users\bpenelli\.m2\repository\commons-net\commons-net\3.6\commons-net-3.6.jar;C:\Users\bpenelli\.m2\repository\commons-collections\commons-collections\3.2.2\commons-collections-3.2.2.jar;C:\Users\bpenelli\.m2\repository\javax\servlet\javax.servlet-api\3.1.0\javax.servlet-api-3.1.0.jar;C:\Users\bpenelli\.m2\repository\org\eclipse\jetty\jetty-server\9.4.11.v20180605\jetty-server-9.4.11.v20180605.jar;C:\Users\bpenelli\.m2\repository\org\eclipse\jetty\jetty-http\9.4.11.v20180605\jetty-http-9.4.11.v20180605.jar;C:\Users\bpenelli\.m2\repository\org\eclipse\jetty\jetty-io\9.4.11.v20180605\jetty-io-9.4.11.v20180605.jar;C:\Users\bpenelli\.m2\repository\org\eclipse\jetty\jetty-util\9.3.24.v20180605\jetty-util-9.3.24.v20180605.jar;C:\Users\bpenelli\.m2\repository\org\eclipse\jetty\jetty-servlet\9.4.11.v20180605\jetty-servlet-9.4.11.v20180605.jar;C:\Users\bpenelli\.m2\repository\org\eclipse\jetty\jetty-security\9.4.11.v20180605\jetty-security-9.4.11.v20180605.jar;C:\Users\bpenelli\.m2\repository\org\eclipse\jetty\jetty-webapp\9.4.11.v20180605\jetty-webapp-9.4.11.v20180605.jar;C:\Users\bpenelli\.m2\repository\org\eclipse\jetty\jetty-xml\9.4.11.v20180605\jetty-xml-9.4.11.v20180605.jar;C:\Users\bpenelli\.m2\repository\javax\servlet\jsp\jsp-api\2.1\jsp-api-2.1.jar;C:\Users\bpenelli\.m2\repository\com\sun\jersey\jersey-core\1.19\jersey-core-1.19.jar;C:\Users\bpenelli\.m2\repository\javax\ws\rs\jsr311-api\1.1.1\jsr311-api-1.1.1.jar;C:\Users\bpenelli\.m2\repository\com\sun\jersey\jersey-servlet\1.19\jersey-servlet-1.19.jar;C:\Users\bpenelli\.m2\repository\com\sun\jersey\jersey-json\1.19\jersey-json-1.19.jar;C:\Users\bpenelli\.m2\repository\org\codehaus\jettison\jettison\1.1\jettison-1.1.jar;C:\Users\bpenelli\.m2\repository\com\sun\xml\bind\jaxb-impl\2.2.3-1\jaxb-impl-2.2.3-1.jar;C:\Users\bpenelli\.m2\repository\javax\xml\bind\jaxb-api\2.2.2\jaxb-api-2.2.2.jar;C:\Users\bpenelli\.m2\repository\javax\xml\stream\stax-api\1.0-2\stax-api-1.0-2.jar;C:\Users\bpenelli\.m2\repository\javax\activation\activation\1.1\activation-1.1.jar;C:\Users\bpenelli\.m2\repository\org\codehaus\jackson\jackson-core-asl\1.9.2\jackson-core-asl-1.9.2.jar;C:\Users\bpenelli\.m2\repository\org\codehaus\jackson\jackson-mapper-asl\1.9.2\jackson-mapper-asl-1.9.2.jar;C:\Users\bpenelli\.m2\repository\org\codehaus\jackson\jackson-jaxrs\1.9.2\jackson-jaxrs-1.9.2.jar;C:\Users\bpenelli\.m2\repository\org\codehaus\jackson\jackson-xc\1.9.2\jackson-xc-1.9.2.jar;C:\Users\bpenelli\.m2\repository\com\sun\jersey\jersey-server\1.19\jersey-server-1.19.jar;C:\Users\bpenelli\.m2\repository\commons-logging\commons-logging\1.1.3\commons-logging-1.1.3.jar;C:\Users\bpenelli\.m2\repository\commons-beanutils\commons-beanutils\1.9.3\commons-beanutils-1.9.3.jar;C:\Users\bpenelli\.m2\repository\org\apache\commons\commons-configuration2\2.1.1\commons-configuration2-2.1.1.jar;C:\Users\bpenelli\.m2\repository\org\apache\commons\commons-text\1.4\commons-text-1.4.jar;C:\Users\bpenelli\.m2\repository\org\slf4j\slf4j-log4j12\1.7.25\slf4j-log4j12-1.7.25.jar;C:\Users\bpenelli\.m2\repository\org\apache\avro\avro\1.7.7\avro-1.7.7.jar;C:\Users\bpenelli\.m2\repository\com\thoughtworks\paranamer\paranamer\2.3\paranamer-2.3.jar;C:\Users\bpenelli\.m2\repository\org\xerial\snappy\snappy-java\1.0.5\snappy-java-1.0.5.jar;C:\Users\bpenelli\.m2\repository\com\google\re2j\re2j\1.1\re2j-1.1.jar;C:\Users\bpenelli\.m2\repository\com\google\code\gson\gson\2.2.4\gson-2.2.4.jar;C:\Users\bpenelli\.m2\repository\org\apache\hadoop\hadoop-auth\3.2.0\hadoop-auth-3.2.0.jar;C:\Users\bpenelli\.m2\repository\com\nimbusds\nimbus-jose-jwt\4.41.1\nimbus-jose-jwt-4.41.1.jar;C:\Users\bpenelli\.m2\repository\com\github\stephenc\jcip\jcip-annotations\1.0-1\jcip-annotations-1.0-1.jar;C:\Users\bpenelli\.m2\repository\net\minidev\json-smart\2.3\json-smart-2.3.jar;C:\Users\bpenelli\.m2\repository\net\minidev\accessors-smart\1.2\accessors-smart-1.2.jar;C:\Users\bpenelli\.m2\repository\org\ow2\asm\asm\5.0.4\asm-5.0.4.jar;C:\Users\bpenelli\.m2\repository\org\apache\curator\curator-framework\2.12.0\curator-framework-2.12.0.jar;C:\Users\bpenelli\.m2\repository\com\jcraft\jsch\0.1.54\jsch-0.1.54.jar;C:\Users\bpenelli\.m2\repository\org\apache\curator\curator-client\2.12.0\curator-client-2.12.0.jar;C:\Users\bpenelli\.m2\repository\org\apache\curator\curator-recipes\2.12.0\curator-recipes-2.12.0.jar;C:\Users\bpenelli\.m2\repository\com\google\code\findbugs\jsr305\3.0.0\jsr305-3.0.0.jar;C:\Users\bpenelli\.m2\repository\org\apache\zookeeper\zookeeper\3.4.13\zookeeper-3.4.13.jar;C:\Users\bpenelli\.m2\repository\jline\jline\0.9.94\jline-0.9.94.jar;C:\Users\bpenelli\.m2\repository\io\netty\netty\3.10.6.Final\netty-3.10.6.Final.jar;C:\Users\bpenelli\.m2\repository\org\apache\commons\commons-compress\1.4.1\commons-compress-1.4.1.jar;C:\Users\bpenelli\.m2\repository\org\tukaani\xz\1.0\xz-1.0.jar;C:\Users\bpenelli\.m2\repository\org\apache\kerby\kerb-simplekdc\1.0.1\kerb-simplekdc-1.0.1.jar;C:\Users\bpenelli\.m2\repository\org\apache\kerby\kerb-client\1.0.1\kerb-client-1.0.1.jar;C:\Users\bpenelli\.m2\repository\org\apache\kerby\kerby-config\1.0.1\kerby-config-1.0.1.jar;C:\Users\bpenelli\.m2\repository\org\apache\kerby\kerb-core\1.0.1\kerb-core-1.0.1.jar;C:\Users\bpenelli\.m2\repository\org\apache\kerby\kerby-pkix\1.0.1\kerby-pkix-1.0.1.jar;C:\Users\bpenelli\.m2\repository\org\apache\kerby\kerby-asn1\1.0.1\kerby-asn1-1.0.1.jar;C:\Users\bpenelli\.m2\repository\org\apache\kerby\kerby-util\1.0.1\kerby-util-1.0.1.jar;C:\Users\bpenelli\.m2\repository\org\apache\kerby\kerb-common\1.0.1\kerb-common-1.0.1.jar;C:\Users\bpenelli\.m2\repository\org\apache\kerby\kerb-crypto\1.0.1\kerb-crypto-1.0.1.jar;C:\Users\bpenelli\.m2\repository\org\apache\kerby\kerb-util\1.0.1\kerb-util-1.0.1.jar;C:\Users\bpenelli\.m2\repository\org\apache\kerby\token-provider\1.0.1\token-provider-1.0.1.jar;C:\Users\bpenelli\.m2\repository\org\apache\kerby\kerb-admin\1.0.1\kerb-admin-1.0.1.jar;C:\Users\bpenelli\.m2\repository\org\apache\kerby\kerb-server\1.0.1\kerb-server-1.0.1.jar;C:\Users\bpenelli\.m2\repository\org\apache\kerby\kerb-identity\1.0.1\kerb-identity-1.0.1.jar;C:\Users\bpenelli\.m2\repository\org\apache\kerby\kerby-xdr\1.0.1\kerby-xdr-1.0.1.jar;C:\Users\bpenelli\.m2\repository\org\codehaus\woodstox\stax2-api\3.1.4\stax2-api-3.1.4.jar;C:\Users\bpenelli\.m2\repository\com\fasterxml\woodstox\woodstox-core\5.0.3\woodstox-core-5.0.3.jar;C:\Users\bpenelli\.m2\repository\dnsjava\dnsjava\2.1.7\dnsjava-2.1.7.jar;C:\Users\bpenelli\.m2\repository\org\apache\hbase\hbase-client\2.1.2\hbase-client-2.1.2.jar;C:\Users\bpenelli\.m2\repository\org\apache\hbase\thirdparty\hbase-shaded-protobuf\2.1.0\hbase-shaded-protobuf-2.1.0.jar;C:\Users\bpenelli\.m2\repository\org\apache\hbase\hbase-hadoop-compat\2.1.2\hbase-hadoop-compat-2.1.2.jar;C:\Users\bpenelli\.m2\repository\org\apache\hbase\hbase-metrics-api\2.1.2\hbase-metrics-api-2.1.2.jar;C:\Users\bpenelli\.m2\repository\org\apache\hbase\hbase-hadoop2-compat\2.1.2\hbase-hadoop2-compat-2.1.2.jar;C:\Users\bpenelli\.m2\repository\org\apache\hbase\hbase-metrics\2.1.2\hbase-metrics-2.1.2.jar;C:\Users\bpenelli\.m2\repository\org\apache\hbase\hbase-protocol-shaded\2.1.2\hbase-protocol-shaded-2.1.2.jar;C:\Users\bpenelli\.m2\repository\org\apache\hbase\hbase-protocol\2.1.2\hbase-protocol-2.1.2.jar;C:\Users\bpenelli\.m2\repository\org\apache\hbase\thirdparty\hbase-shaded-netty\2.1.0\hbase-shaded-netty-2.1.0.jar;C:\Users\bpenelli\.m2\repository\org\jruby\jcodings\jcodings\1.0.18\jcodings-1.0.18.jar;C:\Users\bpenelli\.m2\repository\org\jruby\joni\joni\2.1.11\joni-2.1.11.jar;C:\Users\bpenelli\.m2\repository\io\dropwizard\metrics\metrics-core\3.2.1\metrics-core-3.2.1.jar;C:\Users\bpenelli\.m2\repository\org\slf4j\slf4j-simple\1.7.25\slf4j-simple-1.7.25.jar;C:\Users\bpenelli\.m2\repository\junit\junit\4.12\junit-4.12.jar;C:\Users\bpenelli\.m2\repository\org\hamcrest\hamcrest-core\1.3\hamcrest-core-1.3.jar;C:\Users\bpenelli\.m2\repository\org\codehaus\groovy\groovy-json\2.4.14\groovy-json-2.4.14.jar;C:\Users\bpenelli\.m2\repository\org\codehaus\groovy\groovy\2.4.14\groovy-2.4.14.jar;C:\Users\bpenelli\.m2\repository\org\codehaus\groovy\groovy-sql\2.4.14\groovy-sql-2.4.14.jar;C:\Users\bpenelli\.m2\repository\org\mockito\mockito-core\1.10.19\mockito-core-1.10.19.jar;C:\Users\bpenelli\.m2\repository\org\objenesis\objenesis\2.1\objenesis-2.1.jar;C:\Users\bpenelli\.m2\repository\org\codehaus\groovy\groovy-all\2.4.13\groovy-all-2.4.13.jar;"/>
    <property name="java.vm.vendor" value="Oracle Corporation"/>
    <property name="sun.arch.data.model" value="64"/>
    <property name="user.variant" value=""/>
    <property name="java.vendor.url" value="http://java.oracle.com/"/>
    <property name="user.timezone" value=""/>
    <property name="java.vm.specification.version" value="1.8"/>
    <property name="os.name" value="Windows 10"/>
    <property name="user.country" value="US"/>
    <property name="sun.java.launcher" value="SUN_STANDARD"/>
    <property name="sun.boot.library.path" value="C:\Program Files\Java\jdk1.8.0_191\jre\bin"/>
    <property name="sun.java.command" value="C:\Users\bpenelli\AppData\Local\Temp\surefire3781975554620968102\surefirebooter1800809590147528876.jar C:\Users\bpenelli\AppData\Local\Temp\surefire3781975554620968102 2019-03-06T08-56-15_543-jvmRun1 surefire6279400185946242741tmp surefire_05815659660746043990tmp"/>
    <property name="surefire.test.class.path" value="C:\Users\bpenelli\Code\github\nifi-bpenelli-bundle-1.8.0\nifi-bpenelli-processors\target\test-classes;C:\Users\bpenelli\Code\github\nifi-bpenelli-bundle-1.8.0\nifi-bpenelli-processors\target\classes;C:\Users\bpenelli\.m2\repository\commons-lang\commons-lang\2.6\commons-lang-2.6.jar;C:\Users\bpenelli\.m2\repository\org\apache\nifi\nifi-api\1.8.0\nifi-api-1.8.0.jar;C:\Users\bpenelli\.m2\repository\org\apache\nifi\nifi-utils\1.8.0\nifi-utils-1.8.0.jar;C:\Users\bpenelli\.m2\repository\org\apache\nifi\nifi-mock\1.8.0\nifi-mock-1.8.0.jar;C:\Users\bpenelli\.m2\repository\org\apache\nifi\nifi-framework-api\1.8.0\nifi-framework-api-1.8.0.jar;C:\Users\bpenelli\.m2\repository\org\apache\nifi\nifi-expression-language\1.8.0\nifi-expression-language-1.8.0.jar;C:\Users\bpenelli\.m2\repository\org\antlr\antlr-runtime\3.5.2\antlr-runtime-3.5.2.jar;C:\Users\bpenelli\.m2\repository\com\jayway\jsonpath\json-path\2.4.0\json-path-2.4.0.jar;C:\Users\bpenelli\.m2\repository\org\apache\nifi\nifi-data-provenance-utils\1.8.0\nifi-data-provenance-utils-1.8.0.jar;C:\Users\bpenelli\.m2\repository\org\apache\nifi\nifi-security-utils\1.8.0\nifi-security-utils-1.8.0.jar;C:\Users\bpenelli\.m2\repository\org\bouncycastle\bcpkix-jdk15on\1.60\bcpkix-jdk15on-1.60.jar;C:\Users\bpenelli\.m2\repository\de\svenkubiak\jBCrypt\0.4.1\jBCrypt-0.4.1.jar;C:\Users\bpenelli\.m2\repository\org\bouncycastle\bcprov-jdk15on\1.60\bcprov-jdk15on-1.60.jar;C:\Users\bpenelli\.m2\repository\org\apache\nifi\nifi-properties-loader\1.8.0\nifi-properties-loader-1.8.0.jar;C:\Users\bpenelli\.m2\repository\ch\qos\logback\logback-classic\1.2.3\logback-classic-1.2.3.jar;C:\Users\bpenelli\.m2\repository\ch\qos\logback\logback-core\1.2.3\logback-core-1.2.3.jar;C:\Users\bpenelli\.m2\repository\org\apache\nifi\nifi-properties\1.8.0\nifi-properties-1.8.0.jar;C:\Users\bpenelli\.m2\repository\org\apache\hbase\hbase-common\2.1.2\hbase-common-2.1.2.jar;C:\Users\bpenelli\.m2\repository\org\apache\hbase\thirdparty\hbase-shaded-miscellaneous\2.1.0\hbase-shaded-miscellaneous-2.1.0.jar;C:\Users\bpenelli\.m2\repository\org\slf4j\slf4j-api\1.7.25\slf4j-api-1.7.25.jar;C:\Users\bpenelli\.m2\repository\commons-codec\commons-codec\1.10\commons-codec-1.10.jar;C:\Users\bpenelli\.m2\repository\org\apache\commons\commons-lang3\3.6\commons-lang3-3.6.jar;C:\Users\bpenelli\.m2\repository\commons-io\commons-io\2.5\commons-io-2.5.jar;C:\Users\bpenelli\.m2\repository\com\google\protobuf\protobuf-java\2.5.0\protobuf-java-2.5.0.jar;C:\Users\bpenelli\.m2\repository\org\apache\htrace\htrace-core4\4.2.0-incubating\htrace-core4-4.2.0-incubating.jar;C:\Users\bpenelli\.m2\repository\org\apache\commons\commons-crypto\1.0.0\commons-crypto-1.0.0.jar;C:\Users\bpenelli\.m2\repository\com\github\stephenc\findbugs\findbugs-annotations\1.3.9-1\findbugs-annotations-1.3.9-1.jar;C:\Users\bpenelli\.m2\repository\com\fasterxml\jackson\core\jackson-databind\2.9.2\jackson-databind-2.9.2.jar;C:\Users\bpenelli\.m2\repository\com\fasterxml\jackson\core\jackson-annotations\2.9.0\jackson-annotations-2.9.0.jar;C:\Users\bpenelli\.m2\repository\com\fasterxml\jackson\core\jackson-core\2.9.2\jackson-core-2.9.2.jar;C:\Users\bpenelli\.m2\repository\log4j\log4j\1.2.17\log4j-1.2.17.jar;C:\Users\bpenelli\.m2\repository\org\apache\yetus\audience-annotations\0.5.0\audience-annotations-0.5.0.jar;C:\Users\bpenelli\.m2\repository\org\apache\nifi\nifi-dbcp-service-api\1.8.0\nifi-dbcp-service-api-1.8.0.jar;C:\Users\bpenelli\.m2\repository\org\apache\nifi\nifi-distributed-cache-client-service-api\1.8.0\nifi-distributed-cache-client-service-api-1.8.0.jar;C:\Users\bpenelli\.m2\repository\org\apache\nifi\nifi-distributed-cache-client-service\1.8.0\nifi-distributed-cache-client-service-1.8.0.jar;C:\Users\bpenelli\.m2\repository\org\apache\nifi\nifi-distributed-cache-protocol\1.8.0\nifi-distributed-cache-protocol-1.8.0.jar;C:\Users\bpenelli\.m2\repository\org\apache\nifi\nifi-processor-utils\1.8.0\nifi-processor-utils-1.8.0.jar;C:\Users\bpenelli\.m2\repository\org\apache\nifi\nifi-hbase-client-service-api\1.8.0\nifi-hbase-client-service-api-1.8.0.jar;C:\Users\bpenelli\.m2\repository\org\apache\nifi\nifi-hadoop-utils\1.8.0\nifi-hadoop-utils-1.8.0.jar;C:\Users\bpenelli\.m2\repository\org\apache\hadoop\hadoop-common\3.2.0\hadoop-common-3.2.0.jar;C:\Users\bpenelli\.m2\repository\org\apache\hadoop\hadoop-annotations\3.2.0\hadoop-annotations-3.2.0.jar;C:\Program Files\Java\jdk1.8.0_191\jre\..\lib\tools.jar;C:\Users\bpenelli\.m2\repository\com\google\guava\guava\11.0.2\guava-11.0.2.jar;C:\Users\bpenelli\.m2\repository\commons-cli\commons-cli\1.2\commons-cli-1.2.jar;C:\Users\bpenelli\.m2\repository\org\apache\commons\commons-math3\3.1.1\commons-math3-3.1.1.jar;C:\Users\bpenelli\.m2\repository\org\apache\httpcomponents\httpclient\4.5.2\httpclient-4.5.2.jar;C:\Users\bpenelli\.m2\repository\org\apache\httpcomponents\httpcore\4.4.4\httpcore-4.4.4.jar;C:\Users\bpenelli\.m2\repository\commons-net\commons-net\3.6\commons-net-3.6.jar;C:\Users\bpenelli\.m2\repository\commons-collections\commons-collections\3.2.2\commons-collections-3.2.2.jar;C:\Users\bpenelli\.m2\repository\javax\servlet\javax.servlet-api\3.1.0\javax.servlet-api-3.1.0.jar;C:\Users\bpenelli\.m2\repository\org\eclipse\jetty\jetty-server\9.4.11.v20180605\jetty-server-9.4.11.v20180605.jar;C:\Users\bpenelli\.m2\repository\org\eclipse\jetty\jetty-http\9.4.11.v20180605\jetty-http-9.4.11.v20180605.jar;C:\Users\bpenelli\.m2\repository\org\eclipse\jetty\jetty-io\9.4.11.v20180605\jetty-io-9.4.11.v20180605.jar;C:\Users\bpenelli\.m2\repository\org\eclipse\jetty\jetty-util\9.3.24.v20180605\jetty-util-9.3.24.v20180605.jar;C:\Users\bpenelli\.m2\repository\org\eclipse\jetty\jetty-servlet\9.4.11.v20180605\jetty-servlet-9.4.11.v20180605.jar;C:\Users\bpenelli\.m2\repository\org\eclipse\jetty\jetty-security\9.4.11.v20180605\jetty-security-9.4.11.v20180605.jar;C:\Users\bpenelli\.m2\repository\org\eclipse\jetty\jetty-webapp\9.4.11.v20180605\jetty-webapp-9.4.11.v20180605.jar;C:\Users\bpenelli\.m2\repository\org\eclipse\jetty\jetty-xml\9.4.11.v20180605\jetty-xml-9.4.11.v20180605.jar;C:\Users\bpenelli\.m2\repository\javax\servlet\jsp\jsp-api\2.1\jsp-api-2.1.jar;C:\Users\bpenelli\.m2\repository\com\sun\jersey\jersey-core\1.19\jersey-core-1.19.jar;C:\Users\bpenelli\.m2\repository\javax\ws\rs\jsr311-api\1.1.1\jsr311-api-1.1.1.jar;C:\Users\bpenelli\.m2\repository\com\sun\jersey\jersey-servlet\1.19\jersey-servlet-1.19.jar;C:\Users\bpenelli\.m2\repository\com\sun\jersey\jersey-json\1.19\jersey-json-1.19.jar;C:\Users\bpenelli\.m2\repository\org\codehaus\jettison\jettison\1.1\jettison-1.1.jar;C:\Users\bpenelli\.m2\repository\com\sun\xml\bind\jaxb-impl\2.2.3-1\jaxb-impl-2.2.3-1.jar;C:\Users\bpenelli\.m2\repository\javax\xml\bind\jaxb-api\2.2.2\jaxb-api-2.2.2.jar;C:\Users\bpenelli\.m2\repository\javax\xml\stream\stax-api\1.0-2\stax-api-1.0-2.jar;C:\Users\bpenelli\.m2\repository\javax\activation\activation\1.1\activation-1.1.jar;C:\Users\bpenelli\.m2\repository\org\codehaus\jackson\jackson-core-asl\1.9.2\jackson-core-asl-1.9.2.jar;C:\Users\bpenelli\.m2\repository\org\codehaus\jackson\jackson-mapper-asl\1.9.2\jackson-mapper-asl-1.9.2.jar;C:\Users\bpenelli\.m2\repository\org\codehaus\jackson\jackson-jaxrs\1.9.2\jackson-jaxrs-1.9.2.jar;C:\Users\bpenelli\.m2\repository\org\codehaus\jackson\jackson-xc\1.9.2\jackson-xc-1.9.2.jar;C:\Users\bpenelli\.m2\repository\com\sun\jersey\jersey-server\1.19\jersey-server-1.19.jar;C:\Users\bpenelli\.m2\repository\commons-logging\commons-logging\1.1.3\commons-logging-1.1.3.jar;C:\Users\bpenelli\.m2\repository\commons-beanutils\commons-beanutils\1.9.3\commons-beanutils-1.9.3.jar;C:\Users\bpenelli\.m2\repository\org\apache\commons\commons-configuration2\2.1.1\commons-configuration2-2.1.1.jar;C:\Users\bpenelli\.m2\repository\org\apache\commons\commons-text\1.4\commons-text-1.4.jar;C:\Users\bpenelli\.m2\repository\org\slf4j\slf4j-log4j12\1.7.25\slf4j-log4j12-1.7.25.jar;C:\Users\bpenelli\.m2\repository\org\apache\avro\avro\1.7.7\avro-1.7.7.jar;C:\Users\bpenelli\.m2\repository\com\thoughtworks\paranamer\paranamer\2.3\paranamer-2.3.jar;C:\Users\bpenelli\.m2\repository\org\xerial\snappy\snappy-java\1.0.5\snappy-java-1.0.5.jar;C:\Users\bpenelli\.m2\repository\com\google\re2j\re2j\1.1\re2j-1.1.jar;C:\Users\bpenelli\.m2\repository\com\google\code\gson\gson\2.2.4\gson-2.2.4.jar;C:\Users\bpenelli\.m2\repository\org\apache\hadoop\hadoop-auth\3.2.0\hadoop-auth-3.2.0.jar;C:\Users\bpenelli\.m2\repository\com\nimbusds\nimbus-jose-jwt\4.41.1\nimbus-jose-jwt-4.41.1.jar;C:\Users\bpenelli\.m2\repository\com\github\stephenc\jcip\jcip-annotations\1.0-1\jcip-annotations-1.0-1.jar;C:\Users\bpenelli\.m2\repository\net\minidev\json-smart\2.3\json-smart-2.3.jar;C:\Users\bpenelli\.m2\repository\net\minidev\accessors-smart\1.2\accessors-smart-1.2.jar;C:\Users\bpenelli\.m2\repository\org\ow2\asm\asm\5.0.4\asm-5.0.4.jar;C:\Users\bpenelli\.m2\repository\org\apache\curator\curator-framework\2.12.0\curator-framework-2.12.0.jar;C:\Users\bpenelli\.m2\repository\com\jcraft\jsch\0.1.54\jsch-0.1.54.jar;C:\Users\bpenelli\.m2\repository\org\apache\curator\curator-client\2.12.0\curator-client-2.12.0.jar;C:\Users\bpenelli\.m2\repository\org\apache\curator\curator-recipes\2.12.0\curator-recipes-2.12.0.jar;C:\Users\bpenelli\.m2\repository\com\google\code\findbugs\jsr305\3.0.0\jsr305-3.0.0.jar;C:\Users\bpenelli\.m2\repository\org\apache\zookeeper\zookeeper\3.4.13\zookeeper-3.4.13.jar;C:\Users\bpenelli\.m2\repository\jline\jline\0.9.94\jline-0.9.94.jar;C:\Users\bpenelli\.m2\repository\io\netty\netty\3.10.6.Final\netty-3.10.6.Final.jar;C:\Users\bpenelli\.m2\repository\org\apache\commons\commons-compress\1.4.1\commons-compress-1.4.1.jar;C:\Users\bpenelli\.m2\repository\org\tukaani\xz\1.0\xz-1.0.jar;C:\Users\bpenelli\.m2\repository\org\apache\kerby\kerb-simplekdc\1.0.1\kerb-simplekdc-1.0.1.jar;C:\Users\bpenelli\.m2\repository\org\apache\kerby\kerb-client\1.0.1\kerb-client-1.0.1.jar;C:\Users\bpenelli\.m2\repository\org\apache\kerby\kerby-config\1.0.1\kerby-config-1.0.1.jar;C:\Users\bpenelli\.m2\repository\org\apache\kerby\kerb-core\1.0.1\kerb-core-1.0.1.jar;C:\Users\bpenelli\.m2\repository\org\apache\kerby\kerby-pkix\1.0.1\kerby-pkix-1.0.1.jar;C:\Users\bpenelli\.m2\repository\org\apache\kerby\kerby-asn1\1.0.1\kerby-asn1-1.0.1.jar;C:\Users\bpenelli\.m2\repository\org\apache\kerby\kerby-util\1.0.1\kerby-util-1.0.1.jar;C:\Users\bpenelli\.m2\repository\org\apache\kerby\kerb-common\1.0.1\kerb-common-1.0.1.jar;C:\Users\bpenelli\.m2\repository\org\apache\kerby\kerb-crypto\1.0.1\kerb-crypto-1.0.1.jar;C:\Users\bpenelli\.m2\repository\org\apache\kerby\kerb-util\1.0.1\kerb-util-1.0.1.jar;C:\Users\bpenelli\.m2\repository\org\apache\kerby\token-provider\1.0.1\token-provider-1.0.1.jar;C:\Users\bpenelli\.m2\repository\org\apache\kerby\kerb-admin\1.0.1\kerb-admin-1.0.1.jar;C:\Users\bpenelli\.m2\repository\org\apache\kerby\kerb-server\1.0.1\kerb-server-1.0.1.jar;C:\Users\bpenelli\.m2\repository\org\apache\kerby\kerb-identity\1.0.1\kerb-identity-1.0.1.jar;C:\Users\bpenelli\.m2\repository\org\apache\kerby\kerby-xdr\1.0.1\kerby-xdr-1.0.1.jar;C:\Users\bpenelli\.m2\repository\org\codehaus\woodstox\stax2-api\3.1.4\stax2-api-3.1.4.jar;C:\Users\bpenelli\.m2\repository\com\fasterxml\woodstox\woodstox-core\5.0.3\woodstox-core-5.0.3.jar;C:\Users\bpenelli\.m2\repository\dnsjava\dnsjava\2.1.7\dnsjava-2.1.7.jar;C:\Users\bpenelli\.m2\repository\org\apache\hbase\hbase-client\2.1.2\hbase-client-2.1.2.jar;C:\Users\bpenelli\.m2\repository\org\apache\hbase\thirdparty\hbase-shaded-protobuf\2.1.0\hbase-shaded-protobuf-2.1.0.jar;C:\Users\bpenelli\.m2\repository\org\apache\hbase\hbase-hadoop-compat\2.1.2\hbase-hadoop-compat-2.1.2.jar;C:\Users\bpenelli\.m2\repository\org\apache\hbase\hbase-metrics-api\2.1.2\hbase-metrics-api-2.1.2.jar;C:\Users\bpenelli\.m2\repository\org\apache\hbase\hbase-hadoop2-compat\2.1.2\hbase-hadoop2-compat-2.1.2.jar;C:\Users\bpenelli\.m2\repository\org\apache\hbase\hbase-metrics\2.1.2\hbase-metrics-2.1.2.jar;C:\Users\bpenelli\.m2\repository\org\apache\hbase\hbase-protocol-shaded\2.1.2\hbase-protocol-shaded-2.1.2.jar;C:\Users\bpenelli\.m2\repository\org\apache\hbase\hbase-protocol\2.1.2\hbase-protocol-2.1.2.jar;C:\Users\bpenelli\.m2\repository\org\apache\hbase\thirdparty\hbase-shaded-netty\2.1.0\hbase-shaded-netty-2.1.0.jar;C:\Users\bpenelli\.m2\repository\org\jruby\jcodings\jcodings\1.0.18\jcodings-1.0.18.jar;C:\Users\bpenelli\.m2\repository\org\jruby\joni\joni\2.1.11\joni-2.1.11.jar;C:\Users\bpenelli\.m2\repository\io\dropwizard\metrics\metrics-core\3.2.1\metrics-core-3.2.1.jar;C:\Users\bpenelli\.m2\repository\org\slf4j\slf4j-simple\1.7.25\slf4j-simple-1.7.25.jar;C:\Users\bpenelli\.m2\repository\junit\junit\4.12\junit-4.12.jar;C:\Users\bpenelli\.m2\repository\org\hamcrest\hamcrest-core\1.3\hamcrest-core-1.3.jar;C:\Users\bpenelli\.m2\repository\org\codehaus\groovy\groovy-json\2.4.14\groovy-json-2.4.14.jar;C:\Users\bpenelli\.m2\repository\org\codehaus\groovy\groovy\2.4.14\groovy-2.4.14.jar;C:\Users\bpenelli\.m2\repository\org\codehaus\groovy\groovy-sql\2.4.14\groovy-sql-2.4.14.jar;C:\Users\bpenelli\.m2\repository\org\mockito\mockito-core\1.10.19\mockito-core-1.10.19.jar;C:\Users\bpenelli\.m2\repository\org\objenesis\objenesis\2.1\objenesis-2.1.jar;C:\Users\bpenelli\.m2\repository\org\codehaus\groovy\groovy-all\2.4.13\groovy-all-2.4.13.jar;"/>
    <property name="sun.cpu.endian" value="little"/>
    <property name="user.home" value="C:\Users\bpenelli"/>
    <property name="user.language" value="en"/>
    <property name="java.specification.vendor" value="Oracle Corporation"/>
    <property name="java.home" value="C:\Program Files\Java\jdk1.8.0_191\jre"/>
    <property name="basedir" value="C:\Users\bpenelli\Code\github\nifi-bpenelli-bundle-1.8.0\nifi-bpenelli-processors"/>
    <property name="file.separator" value="\"/>
    <property name="line.separator" value="&#10;"/>
    <property name="java.vm.specification.vendor" value="Oracle Corporation"/>
    <property name="java.specification.name" value="Java Platform API Specification"/>
    <property name="java.awt.graphicsenv" value="sun.awt.Win32GraphicsEnvironment"/>
    <property name="java.awt.headless" value="true"/>
    <property name="surefire.real.class.path" value="C:\Users\bpenelli\AppData\Local\Temp\surefire3781975554620968102\surefirebooter1800809590147528876.jar"/>
    <property name="sun.boot.class.path" value="C:\Program Files\Java\jdk1.8.0_191\jre\lib\resources.jar;C:\Program Files\Java\jdk1.8.0_191\jre\lib\rt.jar;C:\Program Files\Java\jdk1.8.0_191\jre\lib\sunrsasign.jar;C:\Program Files\Java\jdk1.8.0_191\jre\lib\jsse.jar;C:\Program Files\Java\jdk1.8.0_191\jre\lib\jce.jar;C:\Program Files\Java\jdk1.8.0_191\jre\lib\charsets.jar;C:\Program Files\Java\jdk1.8.0_191\jre\lib\jfr.jar;C:\Program Files\Java\jdk1.8.0_191\jre\classes"/>
    <property name="user.script" value=""/>
    <property name="sun.management.compiler" value="HotSpot 64-Bit Tiered Compilers"/>
    <property name="java.runtime.version" value="1.8.0_191-b12"/>
    <property name="java.net.preferIPv4Stack" value="true"/>
    <property name="user.name" value="bpenelli"/>
    <property name="path.separator" value=";"/>
    <property name="os.version" value="10.0"/>
    <property name="java.endorsed.dirs" value="C:\Program Files\Java\jdk1.8.0_191\jre\lib\endorsed"/>
    <property name="java.runtime.name" value="Java(TM) SE Runtime Environment"/>
    <property name="file.encoding" value="UTF-8"/>
    <property name="java.vm.name" value="Java HotSpot(TM) 64-Bit Server VM"/>
    <property name="localRepository" value="C:\Users\bpenelli\.m2\repository"/>
    <property name="java.vendor.url.bug" value="http://bugreport.sun.com/bugreport/"/>
    <property name="java.io.tmpdir" value="C:\Users\bpenelli\AppData\Local\Temp\"/>
    <property name="java.version" value="1.8.0_191"/>
    <property name="user.dir" value="C:\Users\bpenelli\Code\github\nifi-bpenelli-bundle-1.8.0\nifi-bpenelli-processors"/>
    <property name="os.arch" value="amd64"/>
    <property name="java.vm.specification.name" value="Java Virtual Machine Specification"/>
    <property name="java.awt.printerjob" value="sun.awt.windows.WPrinterJob"/>
    <property name="sun.os.patch.level" value=""/>
    <property name="java.library.path" value="C:\Program Files\Java\jdk1.8.0_191\jre\bin;C:\WINDOWS\Sun\Java\bin;C:\WINDOWS\system32;C:\WINDOWS;C:\Users\bpenelli\bin;C:\Program Files\Git\mingw64\bin;C:\Program Files\Git\usr\local\bin;C:\Program Files\Git\usr\bin;C:\Program Files\Git\usr\bin;C:\Program Files\Git\mingw64\bin;C:\Program Files\Git\usr\bin;C:\Users\bpenelli\bin;C:\Program Files\Microsoft MPI\Bin;C:\ProgramData\DockerDesktop\version-bin;C:\Program Files\Docker\Docker\Resources\bin;C:\Program Files (x86)\Intel\Intel(R) Management Engine Components\iCLS;C:\Program Files\Intel\Intel(R) Management Engine Components\iCLS;C:\Program Files (x86)\Common Files\Oracle\Java\javapath;C:\Windows\system32;C:\Windows;C:\Windows\System32\Wbem;C:\Windows\System32\WindowsPowerShell\v1.0;C:\Program Files (x86)\NVIDIA Corporation\PhysX\Common;C:\Program Files\Git\cmd;C:\Program Files\apache-maven-3.6.0\bin;C:\WINDOWS\system32;C:\WINDOWS;C:\WINDOWS\System32\Wbem;C:\WINDOWS\System32\WindowsPowerShell\v1.0;C:\WINDOWS\System32\OpenSSH;C:\Program Files (x86)\Intel\Intel(R) Management Engine Components\DAL;C:\Program Files\Intel\Intel(R) Management Engine Components\DAL;C:\Program Files (x86)\Intel\Intel(R) Management Engine Components\IPT;C:\Program Files\Intel\Intel(R) Management Engine Components\IPT;C:\Program Files\Intel\WiFi\bin;C:\Program Files\Common Files\Intel\WirelessCommon;C:\Program Files\Microsoft VS Code\bin;C:\Program Files\TortoiseSVN\bin;C:\Program Files\dotnet;C:\Program Files\Microsoft SQL Server\130\Tools\Binn;C:\Program Files (x86)\Microsoft SQL Server\110\DTS\Binn;C:\Program Files (x86)\Microsoft SQL Server\120\DTS\Binn;C:\Program Files (x86)\Microsoft SQL Server\130\DTS\Binn;C:\Program Files (x86)\Microsoft SQL Server\140\DTS\Binn;C:\Program Files (x86)\Microsoft SQL Server\150\DTS\Binn;C:\Program Files (x86)\Microsoft SQL Server\Client SDK\ODBC\130\Tools\Binn;C:\Program Files (x86)\Microsoft SQL Server\140\Tools\Binn;C:\Program Files (x86)\Microsoft SQL Server\140\Tools\Binn\ManagementStudio;C:\Program Files\nodejs;C:\Users\bpenelli\AppData\Local\Programs\Python\Python37\Scripts;C:\Users\bpenelli\AppData\Local\Programs\Python\Python37;C:\Users\bpenelli\AppData\Local\Microsoft\WindowsApps;C:\Program Files\Intel\WiFi\bin;C:\Program Files\Common Files\Intel\WirelessCommon;C:\spark\bin;C:\Users\bpenelli\AppData\Roaming\npm;C:\Program Files\JetBrains\PyCharm Community Edition 2018.3.4\bin;C:\Program Files\Git\usr\bin\vendor_perl;C:\Program Files\Git\usr\bin\core_perl;."/>
    <property name="java.vm.info" value="mixed mode"/>
    <property name="java.vendor" value="Oracle Corporation"/>
    <property name="java.vm.version" value="25.191-b12"/>
    <property name="java.ext.dirs" value="C:\Program Files\Java\jdk1.8.0_191\jre\lib\ext;C:\WINDOWS\Sun\Java\lib\ext"/>
    <property name="sun.io.unicode.encoding" value="UnicodeLittle"/>
    <property name="java.class.version" value="52.0"/>
  </properties>
  <testcase name="testOnTrigger" classname="org.apache.nifi.processors.bpenelli.GoldenGateToSQLTest" time="0"/>
</testsuite>